<?xml version="1.0" encoding="UTF-8"?>
<testsuite xmlns:xsi="http://www.w3.org/2001/XMLSchema-instance" xsi:noNamespaceSchemaLocation="https://maven.apache.org/surefire/maven-surefire-plugin/xsd/surefire-test-report-3.0.xsd" version="3.0" name="Entity.AppTest" time="0.017" tests="1" errors="0" skipped="0" failures="0">
  <properties>
    <property name="java.specification.version" value="22"/>
    <property name="sun.cpu.isalist" value="amd64"/>
    <property name="sun.jnu.encoding" value="Cp1252"/>
    <property name="java.class.path" value="C:\main\Computer Engineering\Level 3\Advanced programming\projects\multithreads\target\test-classes;C:\main\Computer Engineering\Level 3\Advanced programming\projects\multithreads\target\classes;C:\Users\Okhadragy\.m2\repository\junit\junit\3.8.1\junit-3.8.1.jar;C:\Users\Okhadragy\.m2\repository\com\google\code\gson\gson\2.11.0\gson-2.11.0.jar;C:\Users\Okhadragy\.m2\repository\com\google\errorprone\error_prone_annotations\2.27.0\error_prone_annotations-2.27.0.jar;"/>
    <property name="java.vm.vendor" value="Oracle Corporation"/>
    <property name="sun.arch.data.model" value="64"/>
    <property name="user.variant" value=""/>
    <property name="java.vendor.url" value="https://java.oracle.com/"/>
    <property name="user.timezone" value="Africa/Cairo"/>
    <property name="os.name" value="Windows 11"/>
    <property name="java.vm.specification.version" value="22"/>
    <property name="sun.java.launcher" value="SUN_STANDARD"/>
    <property name="user.country" value="US"/>
    <property name="sun.boot.library.path" value="C:\Program Files\Java\jdk-22\bin"/>
    <property name="sun.java.command" value="C:\Users\Okhadragy\AppData\Local\Temp\surefire17284999501903020119\surefirebooter-20241128175632005_3.jar C:\Users\Okhadragy\AppData\Local\Temp\surefire17284999501903020119 2024-11-28T17-56-31_821-jvmRun1 surefire-20241128175632005_1tmp surefire_0-20241128175632005_2tmp"/>
    <property name="jdk.debug" value="release"/>
    <property name="surefire.test.class.path" value="C:\main\Computer Engineering\Level 3\Advanced programming\projects\multithreads\target\test-classes;C:\main\Computer Engineering\Level 3\Advanced programming\projects\multithreads\target\classes;C:\Users\Okhadragy\.m2\repository\junit\junit\3.8.1\junit-3.8.1.jar;C:\Users\Okhadragy\.m2\repository\com\google\code\gson\gson\2.11.0\gson-2.11.0.jar;C:\Users\Okhadragy\.m2\repository\com\google\errorprone\error_prone_annotations\2.27.0\error_prone_annotations-2.27.0.jar;"/>
    <property name="sun.cpu.endian" value="little"/>
    <property name="user.home" value="C:\Users\Okhadragy"/>
    <property name="user.language" value="en"/>
    <property name="java.specification.vendor" value="Oracle Corporation"/>
    <property name="java.version.date" value="2024-07-16"/>
    <property name="java.home" value="C:\Program Files\Java\jdk-22"/>
    <property name="file.separator" value="\"/>
    <property name="basedir" value="C:\main\Computer Engineering\Level 3\Advanced programming\projects\multithreads"/>
    <property name="java.vm.compressedOopsMode" value="32-bit"/>
    <property name="line.separator" value="&#10;"/>
    <property name="java.vm.specification.vendor" value="Oracle Corporation"/>
    <property name="java.specification.name" value="Java Platform API Specification"/>
    <property name="surefire.real.class.path" value="C:\Users\Okhadragy\AppData\Local\Temp\surefire17284999501903020119\surefirebooter-20241128175632005_3.jar"/>
    <property name="user.script" value=""/>
    <property name="sun.management.compiler" value="HotSpot 64-Bit Tiered Compilers"/>
    <property name="java.runtime.version" value="22.0.2+9-70"/>
    <property name="user.name" value="Okhadragy"/>
    <property name="stdout.encoding" value="Cp1252"/>
    <property name="path.separator" value=";"/>
    <property name="os.version" value="10.0"/>
    <property name="java.runtime.name" value="Java(TM) SE Runtime Environment"/>
    <property name="file.encoding" value="UTF-8"/>
    <property name="java.vm.name" value="Java HotSpot(TM) 64-Bit Server VM"/>
    <property name="localRepository" value="C:\Users\Okhadragy\.m2\repository"/>
    <property name="java.vendor.url.bug" value="https://bugreport.java.com/bugreport/"/>
    <property name="java.io.tmpdir" value="C:\Users\OKHADR~1\AppData\Local\Temp\"/>
    <property name="java.version" value="22.0.2"/>
    <property name="user.dir" value="C:\main\Computer Engineering\Level 3\Advanced programming\projects\multithreads"/>
    <property name="os.arch" value="amd64"/>
    <property name="java.vm.specification.name" value="Java Virtual Machine Specification"/>
    <property name="sun.os.patch.level" value=""/>
    <property name="native.encoding" value="Cp1252"/>
    <property name="java.library.path" value="C:\Program Files\Java\jdk-22\bin;C:\WINDOWS\Sun\Java\bin;C:\WINDOWS\system32;C:\WINDOWS;C:\Program Files\Common Files\Oracle\Java\javapath;C:\WinAVR-20100110\bin;C:\WinAVR-20100110\utils\bin;C:\Program Files\gcc\bin;C:\Program Files\gcc\libexec\gcc\x86_64-w64-mingw32\14.1.0;C:\Windows\system32;C:\Windows;C:\Windows\System32\Wbem;C:\Windows\System32\WindowsPowerShell\v1.0\;C:\Windows\System32\OpenSSH\;C:\Program Files (x86)\NVIDIA Corporation\PhysX\Common;C:\Program Files\NVIDIA Corporation\NVIDIA NvDLISR;C:\Program Files\nodejs;C:\WINDOWS\system32;C:\WINDOWS;C:\WINDOWS\System32\Wbem;C:\WINDOWS\System32\WindowsPowerShell\v1.0\;C:\WINDOWS\System32\OpenSSH\;C:\Program Files\avr\bin;C:\Program Files\PuTTY\;C:\Program Files\apache-maven-3.9.9\bin;C:\Users\Okhadragy\AppData\Local\Programs\Python\Python312\Scripts\;C:\Users\Okhadragy\AppData\Local\Programs\Python\Python312\;C:\Users\Okhadragy\anaconda3;C:\Users\Okhadragy\anaconda3\Library\mingw-w64\bin;C:\Users\Okhadragy\anaconda3\Library\usr\bin;C:\Users\Okhadragy\anaconda3\Library\bin;C:\programming languages\Ruby31-x64\bin;C:\Users\Okhadragy\AppData\Local\Microsoft\WindowsApps;C:\Program Files\Git\bin;C:\Program Files\heroku\bin;C:\Program Files\PostgreSQL\14\bin;C:\Program Files\PostgreSQL\14\pgAdmin 4\bin;C:\programming languages\flutter_windows_3.0.5-stable\flutter\bin;C:\Users\Okhadragy\anaconda3\Scripts;C:\Program Files\msys64\ucrt64\bin;C:\Program Files\msys64\usr\bin;C:\Program Files\ngrok-v3-stable-windows-amd64;C:\Users\Okhadragy\node_modules\.bin;C:\Program Files\gcc\bin;C:\Users\Okhadragy\AppData\Local\Programs\Microsoft VS Code\bin;C:\Program Files\Apache Software Foundation\Tomcat 10.1\bin;C:\Program Files\apache-maven-3.9.9\bin;;."/>
    <property name="java.vm.info" value="mixed mode, sharing"/>
    <property name="stderr.encoding" value="Cp1252"/>
    <property name="java.vendor" value="Oracle Corporation"/>
    <property name="java.vm.version" value="22.0.2+9-70"/>
    <property name="sun.io.unicode.encoding" value="UnicodeLittle"/>
    <property name="java.class.version" value="66.0"/>
  </properties>
  <testcase name="testApp" classname="Entity.AppTest" time="0.004"/>
</testsuite>